  Building Custom Rule C:/GIT/labs/LAB_3/CMakeLists.txt
  Battery.cpp
  Clock.cpp
  Workshop.cpp
  main.cpp
  Создание кода...
Workshop.obj : error LNK2005: "public: __cdecl Battery::Battery(void)" (??0Battery@@QEAA@XZ) уже определен в Battery.obj
Workshop.obj : error LNK2005: "public: __cdecl Battery::Battery(int,int)" (??0Battery@@QEAA@HH@Z) уже определен в Battery.obj
Workshop.obj : error LNK2005: "public: __cdecl Battery::Battery(struct Battery const &)" (??0Battery@@QEAA@AEBU0@@Z) уже определен в Battery.obj
Clock.obj : error LNK2019: ссылка на неразрешенный внешний символ "public: void __cdecl Clock::setYear(int)" (?setYear@Clock@@QEAAXH@Z) в функции "public: __cdecl Clock::Clock(int,int,int,int,int,class std::basic_string<char,struct std::char_traits<char>,class std::allocator<char> >,class std::vector<class std::basic_string<char,struct std::char_traits<char>,class std::allocator<char> >,class std::allocator<class std::basic_string<char,struct std::char_traits<char>,class std::allocator<char> > > > *)" (??0Clock@@QEAA@HHHHHV?$basic_string@DU?$char_traits@D@std@@V?$allocator@D@2@@std@@PEAV?$vector@V?$basic_string@DU?$char_traits@D@std@@V?$allocator@D@2@@std@@V?$allocator@V?$basic_string@DU?$char_traits@D@std@@V?$allocator@D@2@@std@@@2@@2@@Z).
Clock.obj : error LNK2019: ссылка на неразрешенный внешний символ "public: void __cdecl Clock::setMonth(int)" (?setMonth@Clock@@QEAAXH@Z) в функции "public: __cdecl Clock::Clock(int,int,int,int,int,class std::basic_string<char,struct std::char_traits<char>,class std::allocator<char> >,class std::vector<class std::basic_string<char,struct std::char_traits<char>,class std::allocator<char> >,class std::allocator<class std::basic_string<char,struct std::char_traits<char>,class std::allocator<char> > > > *)" (??0Clock@@QEAA@HHHHHV?$basic_string@DU?$char_traits@D@std@@V?$allocator@D@2@@std@@PEAV?$vector@V?$basic_string@DU?$char_traits@D@std@@V?$allocator@D@2@@std@@V?$allocator@V?$basic_string@DU?$char_traits@D@std@@V?$allocator@D@2@@std@@@2@@2@@Z).
Clock.obj : error LNK2019: ссылка на неразрешенный внешний символ "public: void __cdecl Clock::setDay(int)" (?setDay@Clock@@QEAAXH@Z) в функции "public: __cdecl Clock::Clock(int,int,int,int,int,class std::basic_string<char,struct std::char_traits<char>,class std::allocator<char> >,class std::vector<class std::basic_string<char,struct std::char_traits<char>,class std::allocator<char> >,class std::allocator<class std::basic_string<char,struct std::char_traits<char>,class std::allocator<char> > > > *)" (??0Clock@@QEAA@HHHHHV?$basic_string@DU?$char_traits@D@std@@V?$allocator@D@2@@std@@PEAV?$vector@V?$basic_string@DU?$char_traits@D@std@@V?$allocator@D@2@@std@@V?$allocator@V?$basic_string@DU?$char_traits@D@std@@V?$allocator@D@2@@std@@@2@@2@@Z).
Clock.obj : error LNK2019: ссылка на неразрешенный внешний символ "public: void __cdecl Clock::setHours(int)" (?setHours@Clock@@QEAAXH@Z) в функции "public: __cdecl Clock::Clock(int,int,int,int,int,class std::basic_string<char,struct std::char_traits<char>,class std::allocator<char> >,class std::vector<class std::basic_string<char,struct std::char_traits<char>,class std::allocator<char> >,class std::allocator<class std::basic_string<char,struct std::char_traits<char>,class std::allocator<char> > > > *)" (??0Clock@@QEAA@HHHHHV?$basic_string@DU?$char_traits@D@std@@V?$allocator@D@2@@std@@PEAV?$vector@V?$basic_string@DU?$char_traits@D@std@@V?$allocator@D@2@@std@@V?$allocator@V?$basic_string@DU?$char_traits@D@std@@V?$allocator@D@2@@std@@@2@@2@@Z).
Clock.obj : error LNK2019: ссылка на неразрешенный внешний символ "public: void __cdecl Clock::setMinutes(int)" (?setMinutes@Clock@@QEAAXH@Z) в функции "public: __cdecl Clock::Clock(int,int,int,int,int,class std::basic_string<char,struct std::char_traits<char>,class std::allocator<char> >,class std::vector<class std::basic_string<char,struct std::char_traits<char>,class std::allocator<char> >,class std::allocator<class std::basic_string<char,struct std::char_traits<char>,class std::allocator<char> > > > *)" (??0Clock@@QEAA@HHHHHV?$basic_string@DU?$char_traits@D@std@@V?$allocator@D@2@@std@@PEAV?$vector@V?$basic_string@DU?$char_traits@D@std@@V?$allocator@D@2@@std@@V?$allocator@V?$basic_string@DU?$char_traits@D@std@@V?$allocator@D@2@@std@@@2@@2@@Z).
Clock.obj : error LNK2019: ссылка на неразрешенный внешний символ "public: void __cdecl Clock::setDayOfWeek(class std::basic_string<char,struct std::char_traits<char>,class std::allocator<char> >)" (?setDayOfWeek@Clock@@QEAAXV?$basic_string@DU?$char_traits@D@std@@V?$allocator@D@2@@std@@@Z) в функции "public: __cdecl Clock::Clock(int,int,int,int,int,class std::basic_string<char,struct std::char_traits<char>,class std::allocator<char> >,class std::vector<class std::basic_string<char,struct std::char_traits<char>,class std::allocator<char> >,class std::allocator<class std::basic_string<char,struct std::char_traits<char>,class std::allocator<char> > > > *)" (??0Clock@@QEAA@HHHHHV?$basic_string@DU?$char_traits@D@std@@V?$allocator@D@2@@std@@PEAV?$vector@V?$basic_string@DU?$char_traits@D@std@@V?$allocator@D@2@@std@@V?$allocator@V?$basic_string@DU?$char_traits@D@std@@V?$allocator@D@2@@std@@@2@@2@@Z).
Clock.obj : error LNK2019: ссылка на неразрешенный внешний символ "public: int __cdecl Clock::getMaxDays(int)const " (?getMaxDays@Clock@@QEBAHH@Z) в функции "public: bool __cdecl Clock::addOneDay(void)" (?addOneDay@Clock@@QEAA_NXZ).
Workshop.obj : error LNK2019: ссылка на неразрешенный внешний символ "public: __cdecl Clock::~Clock(void)" (??1Clock@@QEAA@XZ) в функции "public: void * __cdecl Clock::`scalar deleting destructor'(unsigned int)" (??_GClock@@QEAAPEAXI@Z).
main.obj : error LNK2001: неразрешенный внешний символ "public: __cdecl Clock::~Clock(void)" (??1Clock@@QEAA@XZ).
Workshop.obj : error LNK2019: ссылка на неразрешенный внешний символ "public: void __cdecl Clock::displayInfo(void)const " (?displayInfo@Clock@@QEBAXXZ) в функции "public: void __cdecl Workshop::displayInfo(void)const " (?displayInfo@Workshop@@QEBAXXZ).
main.obj : error LNK2001: неразрешенный внешний символ "public: void __cdecl Clock::displayInfo(void)const " (?displayInfo@Clock@@QEBAXXZ).
main.obj : error LNK2019: ссылка на неразрешенный внешний символ "public: class Clock __cdecl Clock::operator+(class Clock const &)const " (??HClock@@QEBA?AV0@AEBV0@@Z) в функции main.
main.obj : error LNK2019: ссылка на неразрешенный внешний символ "public: class Clock __cdecl Clock::operator/(class Clock const &)const " (??KClock@@QEBA?AV0@AEBV0@@Z) в функции main.
C:\GIT\labs\LAB_3\build\Debug\ClockApp.exe : fatal error LNK1120: неразрешенных внешних элементов: 11
